mode: atomic
github.com/blackwell-systems/err-envelope/examples/nethttp/main.go:12.13,16.75 2 0
github.com/blackwell-systems/err-envelope/examples/nethttp/main.go:16.75,18.18 2 0
github.com/blackwell-systems/err-envelope/examples/nethttp/main.go:18.18,24.4 3 0
github.com/blackwell-systems/err-envelope/examples/nethttp/main.go:25.3,25.49 1 0
github.com/blackwell-systems/err-envelope/examples/nethttp/main.go:29.2,29.72 1 0
github.com/blackwell-systems/err-envelope/examples/nethttp/main.go:29.72,31.19 2 0
github.com/blackwell-systems/err-envelope/examples/nethttp/main.go:31.19,34.4 2 0
github.com/blackwell-systems/err-envelope/examples/nethttp/main.go:35.3,35.39 1 0
github.com/blackwell-systems/err-envelope/examples/nethttp/main.go:39.2,39.77 1 0
github.com/blackwell-systems/err-envelope/examples/nethttp/main.go:39.77,42.3 2 0
github.com/blackwell-systems/err-envelope/examples/nethttp/main.go:45.2,45.76 1 0
github.com/blackwell-systems/err-envelope/examples/nethttp/main.go:45.76,47.18 2 0
github.com/blackwell-systems/err-envelope/examples/nethttp/main.go:47.18,50.4 2 0
github.com/blackwell-systems/err-envelope/examples/nethttp/main.go:51.3,51.41 1 0
github.com/blackwell-systems/err-envelope/examples/nethttp/main.go:55.2,55.74 1 0
github.com/blackwell-systems/err-envelope/examples/nethttp/main.go:55.74,57.3 1 0
github.com/blackwell-systems/err-envelope/examples/nethttp/main.go:60.2,70.62 9 0
github.com/blackwell-systems/err-envelope/examples/nethttp/main.go:70.62,72.3 1 0
github.com/blackwell-systems/err-envelope/error.go:22.32,23.14 1 1
github.com/blackwell-systems/err-envelope/error.go:23.14,25.3 1 0
github.com/blackwell-systems/err-envelope/error.go:26.2,26.20 1 1
github.com/blackwell-systems/err-envelope/error.go:26.20,28.3 1 0
github.com/blackwell-systems/err-envelope/error.go:29.2,29.49 1 1
github.com/blackwell-systems/err-envelope/error.go:32.32,32.50 1 1
github.com/blackwell-systems/err-envelope/error.go:36.52,37.17 1 35
github.com/blackwell-systems/err-envelope/error.go:37.17,39.3 1 0
github.com/blackwell-systems/err-envelope/error.go:40.2,40.15 1 35
github.com/blackwell-systems/err-envelope/error.go:40.15,42.3 1 12
github.com/blackwell-systems/err-envelope/error.go:43.2,48.3 1 35
github.com/blackwell-systems/err-envelope/error.go:52.66,56.2 3 6
github.com/blackwell-systems/err-envelope/error.go:59.49,62.2 2 6
github.com/blackwell-systems/err-envelope/error.go:65.47,68.2 2 3
github.com/blackwell-systems/err-envelope/error.go:71.46,74.2 2 27
github.com/blackwell-systems/err-envelope/error.go:77.47,78.17 1 1
github.com/blackwell-systems/err-envelope/error.go:78.17,80.3 1 1
github.com/blackwell-systems/err-envelope/error.go:81.2,81.10 1 1
github.com/blackwell-systems/err-envelope/error.go:85.36,87.24 2 5
github.com/blackwell-systems/err-envelope/error.go:87.24,89.3 1 3
github.com/blackwell-systems/err-envelope/error.go:90.2,90.14 1 2
github.com/blackwell-systems/err-envelope/error.go:93.39,94.14 1 12
github.com/blackwell-systems/err-envelope/error.go:95.22,96.23 1 0
github.com/blackwell-systems/err-envelope/error.go:97.28,98.25 1 2
github.com/blackwell-systems/err-envelope/error.go:99.24,100.24 1 0
github.com/blackwell-systems/err-envelope/error.go:101.21,102.21 1 0
github.com/blackwell-systems/err-envelope/error.go:103.20,104.21 1 0
github.com/blackwell-systems/err-envelope/error.go:105.20,106.20 1 0
github.com/blackwell-systems/err-envelope/error.go:107.23,108.24 1 0
github.com/blackwell-systems/err-envelope/error.go:109.42,110.29 1 6
github.com/blackwell-systems/err-envelope/error.go:111.23,112.31 1 0
github.com/blackwell-systems/err-envelope/error.go:113.20,114.28 1 1
github.com/blackwell-systems/err-envelope/error.go:115.22,116.36 1 1
github.com/blackwell-systems/err-envelope/error.go:117.10,118.26 1 2
github.com/blackwell-systems/err-envelope/error.go:122.41,123.14 1 35
github.com/blackwell-systems/err-envelope/error.go:124.76,125.14 1 10
github.com/blackwell-systems/err-envelope/error.go:126.10,127.15 1 25
github.com/blackwell-systems/err-envelope/http.go:15.63,17.14 2 10
github.com/blackwell-systems/err-envelope/http.go:17.14,20.3 2 1
github.com/blackwell-systems/err-envelope/http.go:22.2,22.21 1 9
github.com/blackwell-systems/err-envelope/http.go:22.21,24.3 1 8
github.com/blackwell-systems/err-envelope/http.go:26.2,26.21 1 9
github.com/blackwell-systems/err-envelope/http.go:26.21,28.3 1 4
github.com/blackwell-systems/err-envelope/http.go:30.2,31.17 2 9
github.com/blackwell-systems/err-envelope/http.go:31.17,33.3 1 0
github.com/blackwell-systems/err-envelope/http.go:35.2,38.34 3 9
github.com/blackwell-systems/err-envelope/map.go:19.44,23.2 1 2
github.com/blackwell-systems/err-envelope/map.go:26.38,29.2 1 1
github.com/blackwell-systems/err-envelope/map.go:32.35,35.2 1 1
github.com/blackwell-systems/err-envelope/map.go:38.34,41.2 1 5
github.com/blackwell-systems/err-envelope/map.go:44.34,47.2 1 1
github.com/blackwell-systems/err-envelope/map.go:50.37,53.2 1 2
github.com/blackwell-systems/err-envelope/map.go:56.33,59.2 1 6
github.com/blackwell-systems/err-envelope/map.go:62.37,65.2 1 1
github.com/blackwell-systems/err-envelope/map.go:68.53,70.19 2 1
github.com/blackwell-systems/err-envelope/map.go:70.19,72.3 1 1
github.com/blackwell-systems/err-envelope/map.go:73.2,75.22 1 1
github.com/blackwell-systems/err-envelope/map.go:79.60,81.19 2 1
github.com/blackwell-systems/err-envelope/map.go:81.19,83.3 1 1
github.com/blackwell-systems/err-envelope/map.go:84.2,86.22 1 1
github.com/blackwell-systems/err-envelope/map.go:91.29,92.16 1 18
github.com/blackwell-systems/err-envelope/map.go:92.16,94.3 1 2
github.com/blackwell-systems/err-envelope/map.go:96.2,97.24 2 16
github.com/blackwell-systems/err-envelope/map.go:97.24,99.20 1 8
github.com/blackwell-systems/err-envelope/map.go:99.20,101.4 1 1
github.com/blackwell-systems/err-envelope/map.go:102.3,102.22 1 8
github.com/blackwell-systems/err-envelope/map.go:102.22,104.4 1 0
github.com/blackwell-systems/err-envelope/map.go:105.3,105.11 1 8
github.com/blackwell-systems/err-envelope/map.go:109.2,109.46 1 8
github.com/blackwell-systems/err-envelope/map.go:109.46,111.3 1 4
github.com/blackwell-systems/err-envelope/map.go:112.2,112.38 1 4
github.com/blackwell-systems/err-envelope/map.go:112.38,114.3 1 1
github.com/blackwell-systems/err-envelope/map.go:117.2,118.41 2 3
github.com/blackwell-systems/err-envelope/map.go:118.41,120.3 1 1
github.com/blackwell-systems/err-envelope/map.go:123.2,124.23 1 2
github.com/blackwell-systems/err-envelope/middleware.go:15.49,16.14 1 15
github.com/blackwell-systems/err-envelope/middleware.go:16.14,18.3 1 1
github.com/blackwell-systems/err-envelope/middleware.go:20.2,20.49 1 14
github.com/blackwell-systems/err-envelope/middleware.go:20.49,22.3 1 4
github.com/blackwell-systems/err-envelope/middleware.go:24.2,24.48 1 10
github.com/blackwell-systems/err-envelope/middleware.go:24.48,25.30 1 4
github.com/blackwell-systems/err-envelope/middleware.go:25.30,27.4 1 4
github.com/blackwell-systems/err-envelope/middleware.go:29.2,29.11 1 6
github.com/blackwell-systems/err-envelope/middleware.go:33.66,35.2 1 8
github.com/blackwell-systems/err-envelope/middleware.go:38.54,39.71 1 4
github.com/blackwell-systems/err-envelope/middleware.go:39.71,41.15 2 4
github.com/blackwell-systems/err-envelope/middleware.go:41.15,43.4 1 3
github.com/blackwell-systems/err-envelope/middleware.go:44.3,45.40 2 4
github.com/blackwell-systems/err-envelope/middleware.go:49.26,53.2 3 103
